----------------------------------------
Frame: 111
Reaction: C1 H4 4(H-C)  + C1 H4 4(H-C)  => C2 H8 8(H-C) 1(H-H)
 C  H CC HH oc CC HC el
 1  4  0  0  0  0  4  0
 1  4  0  0  0  0  1  1
 2  8  0  1  1  0  2  1
 2  8  0  1  0  0  4  0
----------------------------------------
Frame: 124
Reaction: C1 H3 3(H-C)  + H1  => C1 H4 4(H-C)
 C  H CC HH oc CC HC el
 1  3  0  0 -1  0  3  0
 0  1  0  0 -1  0  0  1
 1  4  0  0  0  0  4  0
 1  4  0  0  0  0  1  1
----------------------------------------
Frame: 138
Reaction: C1 H3 3(H-C)  + H2 1(H-H)  => C1 H4 4(H-C)  + H1
 C  H CC HH oc CC HC el
 1  3  0  0 -1  0  3  0
 0  2  0  1  0  0  0  1
 1  4  0  0  0  0  4  0
 1  4  0  0  0  0  1  1
----------------------------------------
Frame: 140
Reaction: C1 H4 4(H-C)  + H1  => C1 H5 4(H-C) 1(H-H)
 C  H CC HH oc CC HC el
 1  4  0  0  0  0  1  1
 0  1  0  0 -1  0  0  1
 1  5  0  1  1  0  1  1
 1  5  0  1  0  0  0  1
----------------------------------------
Frame: 157
Reaction: C1 H3 3(H-C)  + C1 H4 4(H-C)  => C2 H7 8(H-C)
 C  H CC HH oc CC HC el
 1  3  0  0 -1  0  3  0
 1  4  0  0  0  0  1  1
 2  7  0  0  1  0  2  1
 2  7  0  0  0  0  4  0
----------------------------------------
Frame: 165
Reaction: C1 H3 3(H-C)  + C1 H4 4(H-C)  => C2 H7 8(H-C)
 C  H CC HH oc CC HC el
 1  3  0  0 -1  0  3  0
 1  4  0  0  0  0  1  1
 2  7  0  0  0  0  4  0
 2  7  0  0  1  0  2  1
----------------------------------------
Frame: 170
Reaction: C1 H3 3(H-C)  + C1 H4 4(H-C)  => C2 H7 8(H-C)
 C  H CC HH oc CC HC el
 1  3  0  0 -1  0  3  0
 1  4  0  0  0  0  1  1
 2  7  0  0  1  0  2  1
 2  7  0  0  0  0  4  0
----------------------------------------
Frame: 185
Reaction: C1 H3 3(H-C)  + C1 H4 4(H-C)  => C1 H3 3(H-C)  + C1 H4 4(H-C)
 C  H CC HH oc CC HC el
 1  3  0  0 -1  0  3  0
 1  4  0  0  0  0  1  1
 1  4  0  0  0  0  4  0
 1  4  0  0  0  0  1  1
----------------------------------------
Frame: 191
Reaction: C1 H3 3(H-C)  + C1 H4 4(H-C)  => C2 H7 8(H-C)
 C  H CC HH oc CC HC el
 1  3  0  0 -1  0  3  0
 1  4  0  0  0  0  1  1
 2  7  0  0  1  0  2  1
 2  7  0  0  0  0  4  0
----------------------------------------
Frame: 204
Reaction: C1 H3 3(H-C)  + C1 H4 4(H-C)  => C2 H7 8(H-C)
 C  H CC HH oc CC HC el
 1  3  0  0 -1  0  3  0
 1  4  0  0  0  0  1  1
 2  7  0  0  0  0  4  0
 2  7  0  0  1  0  2  1
----------------------------------------
Frame: 211
Reaction: C1 H3 3(H-C)  + C1 H4 4(H-C)  => C2 H7 8(H-C)
 C  H CC HH oc CC HC el
 1  3  0  0 -1  0  3  0
 1  4  0  0  0  0  1  1
 2  7  0  0  1  0  2  1
 2  7  0  0  0  0  4  0
----------------------------------------
Frame: 219
Reaction: C1 H3 3(H-C)  + C1 H4 4(H-C)  => C2 H7 8(H-C)
 C  H CC HH oc CC HC el
 1  3  0  0 -1  0  3  0
 1  4  0  0  0  0  1  1
 2  7  0  0  1  0  2  1
 2  7  0  0  0  0  4  0
----------------------------------------
Frame: 228
Reaction: C1 H3 3(H-C)  + C1 H3 3(H-C)  => C2 H6 1(C-C) 6(H-C)
 C  H CC HH oc CC HC el
 1  3  0  0 -1  0  3  0
 1  3  0  0 -1  0  3  0
 2  6  1  0  0  1  3  0
 2  6  1  0  0  1  3  0
----------------------------------------
Frame: 238
Reaction: C1 H3 3(H-C)  + C1 H4 4(H-C)  => C2 H7 8(H-C)
 C  H CC HH oc CC HC el
 1  3  0  0 -1  0  3  0
 1  4  0  0  0  0  1  1
 2  7  0  0  0  0  4  0
 2  7  0  0  1  0  2  1
----------------------------------------
Frame: 241
Reaction: C1 H4 4(H-C)  + H1  => C1 H5 4(H-C) 1(H-H)
 C  H CC HH oc CC HC el
 1  4  0  0  0  0  1  1
 0  1  0  0 -1  0  0  1
 1  5  0  1  1  0  1  1
 1  5  0  1  0  0  0  1
----------------------------------------
Frame: 251
Reaction: C1 H3 3(H-C)  + C2 H6 1(C-C) 6(H-C)  => C3 H9 1(C-C) 10(H-C)
 C  H CC HH oc CC HC el
 1  3  0  0 -1  0  3  0
 2  6  1  0  0  0  1  1
 3  9  1  0  1  0  2  1
 3  9  1  0  0  0  4  0
----------------------------------------
Frame: 254
Reaction: C1 H4 4(H-C)  + H1  => C1 H3 3(H-C)  + H2 1(H-H)
 C  H CC HH oc CC HC el
 1  4  0  0  0  0  4  0
 0  1  0  0 -1  0  0  1
 1  3  0  0 -1  0  3  0
 1  3  0  0  0  0  1  1
----------------------------------------
Frame: 259
Reaction: C1 H3 3(H-C)  + H1  => C1 H4 4(H-C)
 C  H CC HH oc CC HC el
 1  3  0  0 -1  0  3  0
 0  1  0  0 -1  0  0  1
 1  4  0  0  0  0  4  0
 1  4  0  0  0  0  1  1
----------------------------------------
Frame: 1766
Reaction: H1  + H1  => H2 1(H-H)
 C  H CC HH oc CC HC el
 0  1  0  0 -1  0  0  1
 0  1  0  0 -1  0  0  1
 0  2  0  1  0  0  0  1
 0  2  0  1  0  0  0  1
----------------------------------------
Frame: 1780
Reaction: C1 H3 3(H-C)  + C1 H4 4(H-C)  => C2 H7 8(H-C)
 C  H CC HH oc CC HC el
 1  3  0  0 -1  0  3  0
 1  4  0  0  0  0  1  1
 2  7  0  0  1  0  2  1
 2  7  0  0  0  0  4  0
----------------------------------------
Frame: 1798
Reaction: C1 H3 3(H-C)  + H1  => C1 H4 4(H-C)
 C  H CC HH oc CC HC el
 1  3  0  0 -1  0  3  0
 0  1  0  0 -1  0  0  1
 1  4  0  0  0  0  4  0
 1  4  0  0  0  0  1  1
----------------------------------------
Frame: 1819
Reaction: C1 H3 3(H-C)  + C1 H4 4(H-C)  => C2 H7 8(H-C)
 C  H CC HH oc CC HC el
 1  3  0  0 -1  0  3  0
 1  4  0  0  0  0  1  1
 2  7  0  0  1  0  2  1
 2  7  0  0  0  0  4  0
----------------------------------------
Frame: 1830
Reaction: C1 H3 3(H-C)  + C1 H4 4(H-C)  => C1 H3 3(H-C)  + C1 H4 4(H-C)
 C  H CC HH oc CC HC el
 1  3  0  0 -1  0  3  0
 1  4  0  0  0  0  1  1
 1  4  0  0  0  0  1  1
 1  4  0  0  0  0  4  0
----------------------------------------
Frame: 1832
Reaction: C1 H3 3(H-C)  + C1 H4 4(H-C)  => C2 H7 8(H-C)
 C  H CC HH oc CC HC el
 1  3  0  0 -1  0  3  0
 1  4  0  0  0  0  1  1
 2  7  0  0  0  0  4  0
 2  7  0  0  1  0  2  1
----------------------------------------
Frame: 1837
Reaction: C1 H3 3(H-C)  + C1 H4 4(H-C)  => C2 H7 8(H-C)
 C  H CC HH oc CC HC el
 1  3  0  0 -1  0  3  0
 1  4  0  0  0  0  1  1
 2  7  0  0  0  0  4  0
 2  7  0  0  1  0  2  1
----------------------------------------
Frame: 1839
Reaction: C1 H3 3(H-C)  + C1 H4 4(H-C)  => C2 H7 8(H-C)
 C  H CC HH oc CC HC el
 1  3  0  0 -1  0  3  0
 1  4  0  0  0  0  1  1
 2  7  0  0  1  0  2  1
 2  7  0  0  0  0  4  0
----------------------------------------
Frame: 1843
Reaction: C1 H3 3(H-C)  + C1 H4 4(H-C)  => C2 H7 8(H-C)
 C  H CC HH oc CC HC el
 1  3  0  0 -1  0  3  0
 1  4  0  0  0  0  1  1
 2  7  0  0  1  0  2  1
 2  7  0  0  0  0  4  0
----------------------------------------
Frame: 1847
Reaction: C1 H3 3(H-C)  + C1 H4 4(H-C)  => C2 H7 8(H-C)
 C  H CC HH oc CC HC el
 1  3  0  0 -1  0  3  0
 1  4  0  0  0  0  1  1
 2  7  0  0  0  0  4  0
 2  7  0  0  1  0  2  1
----------------------------------------
Frame: 1857
Reaction: C1 H3 3(H-C)  + C1 H4 4(H-C)  => C1 H3 3(H-C)  + C1 H4 4(H-C)
 C  H CC HH oc CC HC el
 1  3  0  0 -1  0  3  0
 1  4  0  0  0  0  1  1
 1  4  0  0  0  0  4  0
 1  4  0  0  0  0  1  1
----------------------------------------
Frame: 1871
Reaction: C1 H3 3(H-C)  + C1 H4 4(H-C)  => C2 H7 8(H-C)
 C  H CC HH oc CC HC el
 1  3  0  0 -1  0  3  0
 1  4  0  0  0  0  1  1
 2  7  0  0  1  0  2  1
 2  7  0  0  0  0  4  0
----------------------------------------
Frame: 1893
Reaction: C1 H3 3(H-C)  + C1 H4 4(H-C)  => C1 H3 3(H-C)  + C1 H4 4(H-C)
 C  H CC HH oc CC HC el
 1  3  0  0 -1  0  3  0
 1  4  0  0  0  0  1  1
 1  4  0  0  0  0  1  1
 1  4  0  0  0  0  4  0
----------------------------------------
Frame: 1896
Reaction: C1 H3 3(H-C)  + C1 H4 4(H-C)  => C2 H7 8(H-C)
 C  H CC HH oc CC HC el
 1  3  0  0 -1  0  3  0
 1  4  0  0  0  0  1  1
 2  7  0  0  0  0  4  0
 2  7  0  0  1  0  2  1
----------------------------------------
Frame: 1898
Reaction: C1 H3 3(H-C)  + C1 H4 4(H-C)  => C2 H7 8(H-C)
 C  H CC HH oc CC HC el
 1  3  0  0 -1  0  3  0
 1  4  0  0  0  0  1  1
 2  7  0  0  1  0  2  1
 2  7  0  0  0  0  4  0
----------------------------------------
Frame: 1906
Reaction: C1 H3 3(H-C)  + C1 H4 4(H-C)  => C1 H3 3(H-C)  + C1 H4 4(H-C)
 C  H CC HH oc CC HC el
 1  3  0  0 -1  0  3  0
 1  4  0  0  0  0  1  1
 1  4  0  0  0  0  4  0
 1  4  0  0  0  0  1  1
----------------------------------------
Frame: 1912
Reaction: C1 H3 3(H-C)  + C1 H4 4(H-C)  => C2 H7 8(H-C)
 C  H CC HH oc CC HC el
 1  3  0  0 -1  0  3  0
 1  4  0  0  0  0  1  1
 2  7  0  0  0  0  4  0
 2  7  0  0  1  0  2  1
----------------------------------------
Frame: 1937
Reaction: C1 H3 3(H-C)  + C1 H4 4(H-C)  => C2 H7 8(H-C)
 C  H CC HH oc CC HC el
 1  3  0  0 -1  0  3  0
 1  4  0  0  0  0  1  1
 2  7  0  0  1  0  2  1
 2  7  0  0  0  0  4  0
----------------------------------------
Frame: 1944
Reaction: C1 H3 3(H-C)  + H1  => C1 H4 4(H-C)
 C  H CC HH oc CC HC el
 1  3  0  0 -1  0  3  0
 0  1  0  0 -1  0  0  1
 1  4  0  0  0  0  1  1
 1  4  0  0  0  0  4  0
----------------------------------------
Frame: 1945
Reaction: C1 H3 3(H-C)  + C1 H4 4(H-C)  => C1 H3 3(H-C)  + C1 H4 4(H-C)
 C  H CC HH oc CC HC el
 1  3  0  0 -1  0  3  0
 1  4  0  0  0  0  1  1
 1  4  0  0  0  0  4  0
 1  4  0  0  0  0  1  1
----------------------------------------
Frame: 1949
Reaction: C1 H3 3(H-C)  + C1 H4 4(H-C)  => C2 H7 8(H-C)
 C  H CC HH oc CC HC el
 1  3  0  0 -1  0  3  0
 1  4  0  0  0  0  1  1
 2  7  0  0  0  0  4  0
 2  7  0  0  1  0  2  1
----------------------------------------
Frame: 1968
Reaction: C1 H3 3(H-C)  + C1 H4 4(H-C)  => C2 H7 8(H-C)
 C  H CC HH oc CC HC el
 1  3  0  0 -1  0  3  0
 1  4  0  0  0  0  1  1
 2  7  0  0  1  0  2  1
 2  7  0  0  0  0  4  0
----------------------------------------
Frame: 1980
Reaction: C1 H3 3(H-C)  + H1  => C1 H4 4(H-C)
 C  H CC HH oc CC HC el
 1  3  0  0 -1  0  3  0
 0  1  0  0 -1  0  0  1
 1  4  0  0  0  0  1  1
 1  4  0  0  0  0  4  0
----------------------------------------
Frame: 1997
Reaction: C1 H3 3(H-C)  + C1 H4 4(H-C)  => C2 H7 8(H-C)
 C  H CC HH oc CC HC el
 1  3  0  0 -1  0  3  0
 1  4  0  0  0  0  1  1
 2  7  0  0  0  0  4  0
 2  7  0  0  1  0  2  1
----------------------------------------
Frame: 2005
Reaction: C1 H3 3(H-C)  + C1 H4 4(H-C)  => C2 H7 8(H-C)
 C  H CC HH oc CC HC el
 1  3  0  0 -1  0  3  0
 1  4  0  0  0  0  1  1
 2  7  0  0  0  0  4  0
 2  7  0  0  1  0  2  1
----------------------------------------
Frame: 2024
Reaction: C1 H3 3(H-C)  + C2 H4 1(C-C) 4(H-C)  => C3 H7 2(C-C) 7(H-C)
 C  H CC HH oc CC HC el
 1  3  0  0 -1  0  3  0
 2  4  1  0 -1  1  2  0
 3  7  2  0  0  2  2  0
 3  7  2  0  0  1  3  0
----------------------------------------
Frame: 2026
Reaction: C1 H3 3(H-C)  + C1 H4 4(H-C)  => C2 H7 8(H-C)
 C  H CC HH oc CC HC el
 1  3  0  0 -1  0  3  0
 1  4  0  0  0  0  1  1
 2  7  0  0  0  0  4  0
 2  7  0  0  1  0  2  1
----------------------------------------
Frame: 2029
Reaction: C1 H3 3(H-C)  + C1 H4 4(H-C)  => C1 H3 3(H-C)  + C1 H4 4(H-C)
 C  H CC HH oc CC HC el
 1  3  0  0 -1  0  3  0
 1  4  0  0  0  0  1  1
 1  4  0  0  0  0  1  1
 1  4  0  0  0  0  4  0
----------------------------------------
Frame: 2039
Reaction: C1 H3 3(H-C)  + C1 H4 4(H-C)  => C2 H7 8(H-C)
 C  H CC HH oc CC HC el
 1  3  0  0 -1  0  3  0
 1  4  0  0  0  0  1  1
 2  7  0  0  0  0  4  0
 2  7  0  0  1  0  2  1
----------------------------------------
Frame: 2041
Reaction: C1 H3 3(H-C)  + C1 H4 4(H-C)  => C2 H7 8(H-C)
 C  H CC HH oc CC HC el
 1  3  0  0 -1  0  3  0
 1  4  0  0  0  0  1  1
 2  7  0  0  0  0  4  0
 2  7  0  0  1  0  2  1
----------------------------------------
Frame: 2062
Reaction: C1 H3 3(H-C)  + C1 H4 4(H-C)  => C2 H7 8(H-C)
 C  H CC HH oc CC HC el
 1  3  0  0 -1  0  3  0
 1  4  0  0  0  0  1  1
 2  7  0  0  1  0  2  1
 2  7  0  0  0  0  4  0
----------------------------------------
Frame: 2067
Reaction: C1 H3 3(H-C)  + C1 H4 4(H-C)  => C2 H7 8(H-C)
 C  H CC HH oc CC HC el
 1  3  0  0 -1  0  3  0
 1  4  0  0  0  0  1  1
 2  7  0  0  0  0  4  0
 2  7  0  0  1  0  2  1
----------------------------------------
Frame: 2084
Reaction: C1 H3 3(H-C)  + C1 H4 4(H-C)  => C2 H7 8(H-C)
 C  H CC HH oc CC HC el
 1  3  0  0 -1  0  3  0
 1  4  0  0  0  0  1  1
 2  7  0  0  1  0  2  1
 2  7  0  0  0  0  4  0
----------------------------------------
Frame: 2096
Reaction: C1 H3 3(H-C)  + C3 H7 2(C-C) 7(H-C)  => C4 H10 3(C-C) 10(H-C)
 C  H CC HH oc CC HC el
 1  3  0  0 -1  0  3  0
 3  7  2  0 -1  1  2  0
 4 10  3  0  0  1  3  0
 4 10  3  0  0  2  2  0
----------------------------------------
Frame: 2623
Reaction: C1 H3 3(H-C)  + C4 H9 3(C-C) 9(H-C)  => C5 H12 4(C-C) 12(H-C)
 C  H CC HH oc CC HC el
 1  3  0  0 -1  0  3  0
 4  9  3  0 -1  1  2  0
 5 12  4  0  0  1  3  0
 5 12  4  0  0  2  2  0
----------------------------------------
Frame: 5
Reaction: C1 H3 3(H-C)  + H1  => C1 H4 4(H-C)
 C  H CC HH oc CC HC el
 1  3  0  0 -1  0  3  0
 0  1  0  0 -1  0  0  1
 1  4  0  0  0  0  4  0
 1  4  0  0  0  0  1  1
